0 info it worked if it ends with ok
1 verbose cli [ '/home/cabox/.nvm/versions/node/v5.2.0/bin/node',
1 verbose cli   '/home/cabox/.nvm/versions/node/v5.2.0/bin/npm',
1 verbose cli   'view' ]
2 info using npm@3.5.1
3 info using node@v5.2.0
4 verbose stack Error: Invalid package.json
4 verbose stack     at /home/cabox/.nvm/versions/node/v5.2.0/lib/node_modules/npm/lib/view.js:81:30
4 verbose stack     at ReadFileContext.<anonymous> (/home/cabox/.nvm/versions/node/v5.2.0/lib/node_modules/npm/node_modules/read-package-json/read-json.js:79:21)
4 verbose stack     at ReadFileContext.callback (/home/cabox/.nvm/versions/node/v5.2.0/lib/node_modules/npm/node_modules/graceful-fs/graceful-fs.js:76:16)
4 verbose stack     at FSReqWrap.readFileAfterOpen [as oncomplete] (fs.js:325:13)
5 verbose cwd /home/cabox/workspace/learnyounode
6 error Linux 2.6.32-042stab112.15
7 error argv "/home/cabox/.nvm/versions/node/v5.2.0/bin/node" "/home/cabox/.nvm/versions/node/v5.2.0/bin/npm" "view"
8 error node v5.2.0
9 error npm  v3.5.1
10 error Invalid package.json
11 error If you need help, you may report this error at:
11 error     <https://github.com/npm/npm/issues>
12 verbose exit [ 1, true ]
